This is pdfTeX, Version 3.1415926-2.6-1.40.14 (TeX Live 2014/dev) (format=pdflatex 2014.4.23)  30 APR 2014 10:45
entering extended mode
 restricted \write18 enabled.
 %&-line parsing enabled.
**Chap2.tex
(./Chap2.tex
LaTeX2e <2011/06/27>
Babel <3.9h> and hyphenation patterns for 62 languages loaded.
! Undefined control sequence.
l.1 \doublespace
                
The control sequence at the end of the top line
of your error message was never \def'ed. If you have
misspelled it (e.g., `\hobx'), type `I' and the correct
spelling (e.g., `I\hbox'). Otherwise just continue,
and I'll forget about whatever was undefined.

! Undefined control sequence.
l.2 \ChNumVar
             {\fontsize{76}{80}\usefont{OT1}{pzc}{m}{n}\selectfont}
The control sequence at the end of the top line
of your error message was never \def'ed. If you have
misspelled it (e.g., `\hobx'), type `I' and the correct
spelling (e.g., `I\hbox'). Otherwise just continue,
and I'll forget about whatever was undefined.

LaTeX Font Info:    Try loading font information for OT1+pzc on input line 2.
(/usr/share/texlive/texmf-dist/tex/latex/psnfss/ot1pzc.fd
File: ot1pzc.fd 2001/06/04 font definitions for OT1/pzc.
)
LaTeX Font Info:    Font shape `OT1/pzc/m/n' in size <76> not available
(Font)              Font shape `OT1/pzc/mb/it' tried instead on input line 2.

! Undefined control sequence.
l.3 \ChTitleVar
               {\raggedleft\Large\sffamily\bfseries}
The control sequence at the end of the top line
of your error message was never \def'ed. If you have
misspelled it (e.g., `\hobx'), type `I' and the correct
spelling (e.g., `I\hbox'). Otherwise just continue,
and I'll forget about whatever was undefined.

! Undefined control sequence.
l.3 \ChTitleVar{\raggedleft\Large
                                 \sffamily\bfseries}
The control sequence at the end of the top line
of your error message was never \def'ed. If you have
misspelled it (e.g., `\hobx'), type `I' and the correct
spelling (e.g., `I\hbox'). Otherwise just continue,
and I'll forget about whatever was undefined.

! Undefined control sequence.
l.5 \nomChap
            {State of the art}
The control sequence at the end of the top line
of your error message was never \def'ed. If you have
misspelled it (e.g., `\hobx'), type `I' and the correct
spelling (e.g., `I\hbox'). Otherwise just continue,
and I'll forget about whatever was undefined.


! LaTeX Error: Missing \begin{document}.

See the LaTeX manual or LaTeX Companion for explanation.
Type  H <return>  for immediate help.
 ...                                              
                                                  
l.5 \nomChap{S
              tate of the art}
You're in trouble here.  Try typing  <return>  to proceed.
If that doesn't work, type  X <return>  to quit.

Missing character: There is no S in font nullfont!
Missing character: There is no t in font nullfont!
Missing character: There is no a in font nullfont!
Missing character: There is no t in font nullfont!
Missing character: There is no e in font nullfont!
Missing character: There is no o in font nullfont!
Missing character: There is no f in font nullfont!
Missing character: There is no t in font nullfont!
Missing character: There is no h in font nullfont!
Missing character: There is no e in font nullfont!
Missing character: There is no a in font nullfont!
Missing character: There is no r in font nullfont!
Missing character: There is no t in font nullfont!

Overfull \hbox (20.0pt too wide) in paragraph at lines 5--6
[]
 []

! Undefined control sequence.
l.7 \chapter
            {\@nomChap}
The control sequence at the end of the top line
of your error message was never \def'ed. If you have
misspelled it (e.g., `\hobx'), type `I' and the correct
spelling (e.g., `I\hbox'). Otherwise just continue,
and I'll forget about whatever was undefined.

! You can't use `\spacefactor' in vertical mode.
\@->\spacefactor 
                 \@m 
l.7 \chapter{\@
               nomChap}
Sorry, but I'm not programmed to handle this case;
I'll just pretend that you didn't ask for it.
If you're in the wrong mode, you might be able to
return to the right one by typing `I}' or `I$' or `I\par'.

! Missing $ inserted.
<inserted text> 
                $
l.7 \chapter{\@
               nomChap}
I've inserted a begin-math/end-math symbol since I think
you left one out. Proceed, with fingers crossed.


! LaTeX Error: Missing \begin{document}.

See the LaTeX manual or LaTeX Companion for explanation.
Type  H <return>  for immediate help.
 ...                                              
                                                  
l.7 \chapter{\@
               nomChap}
You're in trouble here.  Try typing  <return>  to proceed.
If that doesn't work, type  X <return>  to quit.

LaTeX Font Info:    External font `cmex10' loaded for size
(Font)              <7> on input line 7.
LaTeX Font Info:    External font `cmex10' loaded for size
(Font)              <5> on input line 7.
! Extra }, or forgotten $.
l.7 \chapter{\@nomChap}
                       
I've deleted a group-closing symbol because it seems to be
spurious, as in `$x}$'. But perhaps the } is legitimate and
you forgot something else, as in `\hbox{$x}'. In such cases
the way to recover is to insert both the forgotten and the
deleted material, e.g., by typing `I$}'.

! Missing $ inserted.
<inserted text> 
                $
l.9 \begin{center}
                  
I've inserted a begin-math/end-math symbol since I think
you left one out. Proceed, with fingers crossed.

! Missing \endgroup inserted.
<inserted text> 
                \endgroup 
l.9 \begin{center}
                  
I've inserted something that you may have forgotten.
(See the <inserted text> above.)
With luck, this will get me unwedged. But if you
really didn't forget anything, try typing `2' now; then
my insertion and my current dilemma will both disappear.

Missing character: There is no è in font cmex10!

Overfull \hbox (63.57092pt too wide) in paragraph at lines 7--9
[]$\OML/cmm/m/it/10 nomChap$ 
 []

! Undefined control sequence.
l.10 \resizebox
               {!}{10mm}{\bf \fontfamily{lmss}\selectfont \@nomChap}\\
The control sequence at the end of the top line
of your error message was never \def'ed. If you have
misspelled it (e.g., `\hobx'), type `I' and the correct
spelling (e.g., `I\hbox'). Otherwise just continue,
and I'll forget about whatever was undefined.

Missing character: There is no ! in font nullfont!
Missing character: There is no 1 in font nullfont!
Missing character: There is no 0 in font nullfont!
Missing character: There is no m in font nullfont!
Missing character: There is no m in font nullfont!
! Undefined control sequence.
l.10 \resizebox{!}{10mm}{\bf
                             \fontfamily{lmss}\selectfont \@nomChap}\\
The control sequence at the end of the top line
of your error message was never \def'ed. If you have
misspelled it (e.g., `\hobx'), type `I' and the correct
spelling (e.g., `I\hbox'). Otherwise just continue,
and I'll forget about whatever was undefined.

LaTeX Font Info:    Try loading font information for OT1+lmss on input line 10.

(/usr/share/texlive/texmf-dist/tex/latex/lm/ot1lmss.fd
File: ot1lmss.fd 2009/10/30 v1.6 Font defs for Latin Modern
)
Overfull \hbox (39.63902pt too wide) in paragraph at lines 10--10
 \OT1/lmss/m/n/10 nomChap 
 []


! LaTeX Error: \begin{document} ended by \end{center}.

See the LaTeX manual or LaTeX Companion for explanation.
Type  H <return>  for immediate help.
 ...                                              
                                                  
l.11 \end{center}
                 
Your command was ignored.
Type  I <command> <return>  to replace it with another command,
or  <return>  to continue without it.

! Missing } inserted.
<inserted text> 
                }
l.11 \end{center}
                 
I've inserted something that you may have forgotten.
(See the <inserted text> above.)
With luck, this will get me unwedged. But if you
really didn't forget anything, try typing `2' now; then
my insertion and my current dilemma will both disappear.

! Extra \endgroup.
<recently read> \endgroup 
                          
l.11 \end{center}
                 
Things are pretty mixed up, but I think the worst is over.

! Undefined control sequence.
l.12 \lhead
           {\normalsize \bf \fontfamily{lmss}\selectfont \@nomChap}
The control sequence at the end of the top line
of your error message was never \def'ed. If you have
misspelled it (e.g., `\hobx'), type `I' and the correct
spelling (e.g., `I\hbox'). Otherwise just continue,
and I'll forget about whatever was undefined.


! LaTeX Error: The font size command \normalsize is not defined:
               there is probably something wrong with the class file.

See the LaTeX manual or LaTeX Companion for explanation.
Type  H <return>  for immediate help.
 ...                                              
                                                  
l.12 \lhead{\normalsize
                        \bf \fontfamily{lmss}\selectfont \@nomChap}
Your command was ignored.
Type  I <command> <return>  to replace it with another command,
or  <return>  to continue without it.

! Undefined control sequence.
l.12 \lhead{\normalsize \bf
                            \fontfamily{lmss}\selectfont \@nomChap}
The control sequence at the end of the top line
of your error message was never \def'ed. If you have
misspelled it (e.g., `\hobx'), type `I' and the correct
spelling (e.g., `I\hbox'). Otherwise just continue,
and I'll forget about whatever was undefined.

! You can't use `\spacefactor' in vertical mode.
\@->\spacefactor 
                 \@m 
l.12 ...alsize \bf \fontfamily{lmss}\selectfont \@
                                                  nomChap}
Sorry, but I'm not programmed to handle this case;
I'll just pretend that you didn't ask for it.
If you're in the wrong mode, you might be able to
return to the right one by typing `I}' or `I$' or `I\par'.

! Missing $ inserted.
<inserted text> 
                $
l.12 ...alsize \bf \fontfamily{lmss}\selectfont \@
                                                  nomChap}
I've inserted a begin-math/end-math symbol since I think
you left one out. Proceed, with fingers crossed.

! Extra }, or forgotten $.
l.12 ...bf \fontfamily{lmss}\selectfont \@nomChap}
                                                  
I've deleted a group-closing symbol because it seems to be
spurious, as in `$x}$'. But perhaps the } is legitimate and
you forgot something else, as in `\hbox{$x}'. In such cases
the way to recover is to insert both the forgotten and the
deleted material, e.g., by typing `I$}'.

! Missing $ inserted.
<inserted text> 
                $
l.13 
     
I've inserted a begin-math/end-math symbol since I think
you left one out. Proceed, with fingers crossed.

Missing character: There is no è in font cmex10!

Overfull \hbox (43.57092pt too wide) in paragraph at lines 12--13
$\OML/cmm/m/it/10 nomChap$ 
 []


! LaTeX Error: The font size command \normalsize is not defined:
               there is probably something wrong with the class file.

See the LaTeX manual or LaTeX Companion for explanation.
Type  H <return>  for immediate help.
 ...                                              
                                                  
l.14 \clearpage
               
Your command was ignored.
Type  I <command> <return>  to replace it with another command,
or  <return>  to continue without it.

[1{/usr/share/texlive/texmf-dist/fonts/map/pdftex/updmap/pdftex.map}]
! Undefined control sequence.
l.16 \section
             {Introduction}
The control sequence at the end of the top line
of your error message was never \def'ed. If you have
misspelled it (e.g., `\hobx'), type `I' and the correct
spelling (e.g., `I\hbox'). Otherwise just continue,
and I'll forget about whatever was undefined.


Overfull \hbox (71.19444pt too wide) in paragraph at lines 16--17
[]\OT1/lmss/m/n/10 Introduction 
 []

! Undefined control sequence.
l.19 \subsection
                {Presentation of Graph/Tree:}
The control sequence at the end of the top line
of your error message was never \def'ed. If you have
misspelled it (e.g., `\hobx'), type `I' and the correct
spelling (e.g., `I\hbox'). Otherwise just continue,
and I'll forget about whatever was undefined.


Overfull \hbox (72.27785pt too wide) in paragraph at lines 19--20
[]\OT1/lmss/m/n/10 Presentation
 []


Overfull \hbox (8.0555pt too wide) in paragraph at lines 19--20
\OT1/lmss/m/n/10 of
 []


Overfull \hbox (51.27809pt too wide) in paragraph at lines 19--20
\OT1/lmss/m/n/10 Graph/Tree: 
 []

! Undefined control sequence.
l.22 \subsection
                {Node}
The control sequence at the end of the top line
of your error message was never \def'ed. If you have
misspelled it (e.g., `\hobx'), type `I' and the correct
spelling (e.g., `I\hbox'). Otherwise just continue,
and I'll forget about whatever was undefined.


Overfull \hbox (41.97195pt too wide) in paragraph at lines 22--23
[]\OT1/lmss/m/n/10 Node 
 []

! Undefined control sequence.
l.25 \subsection
                {Arc}
The control sequence at the end of the top line
of your error message was never \def'ed. If you have
misspelled it (e.g., `\hobx'), type `I' and the correct
spelling (e.g., `I\hbox'). Otherwise just continue,
and I'll forget about whatever was undefined.


Overfull \hbox (34.52817pt too wide) in paragraph at lines 25--26
[]\OT1/lmss/m/n/10 Arc 
 []

! Undefined control sequence.
l.28 \section
             {Comparing Platforme}
The control sequence at the end of the top line
of your error message was never \def'ed. If you have
misspelled it (e.g., `\hobx'), type `I' and the correct
spelling (e.g., `I\hbox'). Otherwise just continue,
and I'll forget about whatever was undefined.


Overfull \hbox (65.00024pt too wide) in paragraph at lines 28--29
[]\OT1/lmss/m/n/10 Comparing
 []


Overfull \hbox (20.52783pt too wide) in paragraph at lines 28--29
\OT1/lmss/m/n/10 Plat-
 []


Overfull \hbox (23.58339pt too wide) in paragraph at lines 28--29
\OT1/lmss/m/n/10 forme 
 []

! Undefined control sequence.
l.30 \section
             {Conclusion}
The control sequence at the end of the top line
of your error message was never \def'ed. If you have
misspelled it (e.g., `\hobx'), type `I' and the correct
spelling (e.g., `I\hbox'). Otherwise just continue,
and I'll forget about whatever was undefined.

)
! Emergency stop.
<*> Chap2.tex
             
*** (job aborted, no legal \end found)

 
Here is how much of TeX's memory you used:
 63 strings out of 493387
 1236 string characters out of 6143040
 50741 words of memory out of 5000000
 3584 multiletter control sequences out of 15000+600000
 7475 words of font info for 18 fonts, out of 8000000 for 9000
 953 hyphenation exceptions out of 8191
 18i,4n,13p,175b,136s stack positions out of 5000i,500n,10000p,200000b,80000s
!  ==> Fatal error occurred, no output PDF file produced!
