This is pdfTeX, Version 3.1415926-2.6-1.40.14 (TeX Live 2014/dev) (format=pdflatex 2014.4.23)  21 MAY 2014 10:50
entering extended mode
 restricted \write18 enabled.
 %&-line parsing enabled.
**Decidace.tex
(./Decidace.tex
LaTeX2e <2011/06/27>
Babel <3.9h> and hyphenation patterns for 62 languages loaded.

! LaTeX Error: Missing \begin{document}.

See the LaTeX manual or LaTeX Companion for explanation.
Type  H <return>  for immediate help.
 ...                                              
                                                  
l.3  \begin{center}
                   
You're in trouble here.  Try typing  <return>  to proceed.
If that doesn't work, type  X <return>  to quit.


Overfull \hbox (20.0pt too wide) in paragraph at lines 3--3
[] 
 []

LaTeX Font Info:    Try loading font information for OT1+pzc on input line 4.
(/usr/share/texlive/texmf-dist/tex/latex/psnfss/ot1pzc.fd
File: ot1pzc.fd 2001/06/04 font definitions for OT1/pzc.
)
LaTeX Font Info:    Font shape `OT1/pzc/m/n' in size <10> not available
(Font)              Font shape `OT1/pzc/mb/it' tried instead on input line 4.

! Undefined control sequence.
l.4  {\fontfamily{pzc}\selectfont{{\Huge
                                         \textbf{Dedication}}}}
The control sequence at the end of the top line
of your error message was never \def'ed. If you have
misspelled it (e.g., `\hobx'), type `I' and the correct
spelling (e.g., `I\hbox'). Otherwise just continue,
and I'll forget about whatever was undefined.


LaTeX Font Warning: Font shape `OT1/pzc/bx/n' undefined
(Font)              using `OT1/pzc/m/n' instead on input line 4.


Overfull \hbox (38.9993pt too wide) in paragraph at lines 4--5
 \OT1/pzc/mb/it/10 Dedication 
 []


! LaTeX Error: Environment large undefined.

See the LaTeX manual or LaTeX Companion for explanation.
Type  H <return>  for immediate help.
 ...                                              
                                                  
l.7 \begin{large}
                 
Your command was ignored.
Type  I <command> <return>  to replace it with another command,
or  <return>  to continue without it.

! Undefined control sequence.
l.9 \fontfamily{pzc}\selectfont{{\LARGE
                                        \textit{I}} dedicate my report work ...
The control sequence at the end of the top line
of your error message was never \def'ed. If you have
misspelled it (e.g., `\hobx'), type `I' and the correct
spelling (e.g., `I\hbox'). Otherwise just continue,
and I'll forget about whatever was undefined.

LaTeX Font Info:    Font shape `OT1/pzc/m/it' in size <10> not available
(Font)              Font shape `OT1/pzc/mb/it' tried instead on input line 9.

Overfull \hbox (23.79993pt too wide) in paragraph at lines 9--10
[]\OT1/pzc/mb/it/10 I
 []


Overfull \hbox (14.99959pt too wide) in paragraph at lines 9--10
\OT1/pzc/mb/it/10 ded-
 []


Overfull \hbox (5.19983pt too wide) in paragraph at lines 9--10
\OT1/pzc/mb/it/10 i-
 []


Overfull \hbox (14.19966pt too wide) in paragraph at lines 9--10
\OT1/pzc/mb/it/10 cate
 []


Overfull \hbox (10.29991pt too wide) in paragraph at lines 9--10
\OT1/pzc/mb/it/10 my
 []


Overfull \hbox (9.19981pt too wide) in paragraph at lines 9--10
\OT1/pzc/mb/it/10 re-
 []


Overfull \hbox (14.59981pt too wide) in paragraph at lines 9--10
\OT1/pzc/mb/it/10 port
 []


Overfull \hbox (18.29977pt too wide) in paragraph at lines 9--10
\OT1/pzc/mb/it/10 work
 []


Overfull \hbox (7.19992pt too wide) in paragraph at lines 9--10
\OT1/pzc/mb/it/10 to
 []


Overfull \hbox (10.29991pt too wide) in paragraph at lines 9--10
\OT1/pzc/mb/it/10 my
 []


Overfull \hbox (16.19981pt too wide) in paragraph at lines 9--10
\OT1/pzc/mb/it/10 fam-
 []


Overfull \hbox (10.99974pt too wide) in paragraph at lines 9--10
\OT1/pzc/mb/it/10 ily.
 []


Overfull \hbox (3.79993pt too wide) in paragraph at lines 9--10
\OT1/pzc/mb/it/10 I
 []


Overfull \hbox (18.79979pt too wide) in paragraph at lines 9--10
\OT1/pzc/mb/it/10 want
 []


Overfull \hbox (7.19992pt too wide) in paragraph at lines 9--10
\OT1/pzc/mb/it/10 to
 []


Overfull \hbox (10.39977pt too wide) in paragraph at lines 9--10
\OT1/pzc/mb/it/10 ex-
 []


Overfull \hbox (17.19965pt too wide) in paragraph at lines 9--10
\OT1/pzc/mb/it/10 press
 []


Overfull \hbox (10.29991pt too wide) in paragraph at lines 9--10
\OT1/pzc/mb/it/10 my
 []


Overfull \hbox (12.99974pt too wide) in paragraph at lines 9--10
\OT1/pzc/mb/it/10 sin-
 []


Overfull \hbox (13.19966pt too wide) in paragraph at lines 9--10
\OT1/pzc/mb/it/10 cere
 []


Overfull \hbox (17.1998pt too wide) in paragraph at lines 9--10
\OT1/pzc/mb/it/10 grat-
 []


Overfull \hbox (5.19983pt too wide) in paragraph at lines 9--10
\OT1/pzc/mb/it/10 i-
 []


Overfull \hbox (15.59969pt too wide) in paragraph at lines 9--10
\OT1/pzc/mb/it/10 tude
 []


Overfull \hbox (7.19992pt too wide) in paragraph at lines 9--10
\OT1/pzc/mb/it/10 to
 []


Overfull \hbox (10.29991pt too wide) in paragraph at lines 9--10
\OT1/pzc/mb/it/10 my
 []


Overfull \hbox (13.5997pt too wide) in paragraph at lines 9--10
\OT1/pzc/mb/it/10 lov-
 []


Overfull \hbox (10.99986pt too wide) in paragraph at lines 9--10
\OT1/pzc/mb/it/10 ing
 []


Overfull \hbox (14.39977pt too wide) in paragraph at lines 9--10
\OT1/pzc/mb/it/10 par-
 []


Overfull \hbox (16.4997pt too wide) in paragraph at lines 9--10
\OT1/pzc/mb/it/10 ents,
 []


Overfull \hbox (30.99945pt too wide) in paragraph at lines 9--10
\OT1/pzc/mb/it/10 Mhamed
 []


Overfull \hbox (13.19981pt too wide) in paragraph at lines 9--10
\OT1/pzc/mb/it/10 and
 []


Overfull \hbox (18.19969pt too wide) in paragraph at lines 9--10
\OT1/pzc/mb/it/10 Amel
 []


Overfull \hbox (26.59958pt too wide) in paragraph at lines 9--10
\OT1/pzc/mb/it/10 Rhaiem
 []


Overfull \hbox (21.99956pt too wide) in paragraph at lines 9--10
\OT1/pzc/mb/it/10 whose
 []


Overfull \hbox (19.59958pt too wide) in paragraph at lines 9--10
\OT1/pzc/mb/it/10 with-
 []


Overfull \hbox (11.7999pt too wide) in paragraph at lines 9--10
\OT1/pzc/mb/it/10 out
 []


Overfull \hbox (16.39961pt too wide) in paragraph at lines 9--10
\OT1/pzc/mb/it/10 their
 []


Overfull \hbox (14.99973pt too wide) in paragraph at lines 9--10
\OT1/pzc/mb/it/10 sup-
 []


Overfull \hbox (14.59981pt too wide) in paragraph at lines 9--10
\OT1/pzc/mb/it/10 port
 []


Overfull \hbox (13.19981pt too wide) in paragraph at lines 9--10
\OT1/pzc/mb/it/10 and
 []


Overfull \hbox (16.39961pt too wide) in paragraph at lines 9--10
\OT1/pzc/mb/it/10 their
 []


Overfull \hbox (21.49971pt too wide) in paragraph at lines 9--10
\OT1/pzc/mb/it/10 words
 []


Overfull \hbox (7.19992pt too wide) in paragraph at lines 9--10
\OT1/pzc/mb/it/10 of
 []


Overfull \hbox (10.79979pt too wide) in paragraph at lines 9--10
\OT1/pzc/mb/it/10 en-
 []


Overfull \hbox (17.79977pt too wide) in paragraph at lines 9--10
\OT1/pzc/mb/it/10 cour-
 []


Overfull \hbox (14.49973pt too wide) in paragraph at lines 9--10
\OT1/pzc/mb/it/10 age-
 []


Overfull \hbox (17.39975pt too wide) in paragraph at lines 9--10
\OT1/pzc/mb/it/10 ment
 []


Overfull \hbox (5.59984pt too wide) in paragraph at lines 9--10
\OT1/pzc/mb/it/10 it
 []


Overfull \hbox (22.29965pt too wide) in paragraph at lines 9--10
\OT1/pzc/mb/it/10 would
 []


Overfull \hbox (11.7999pt too wide) in paragraph at lines 9--10
\OT1/pzc/mb/it/10 not
 []


Overfull \hbox (16.39961pt too wide) in paragraph at lines 9--10
\OT1/pzc/mb/it/10 have
 []


Overfull \hbox (15.5997pt too wide) in paragraph at lines 9--10
\OT1/pzc/mb/it/10 been
 []


Overfull \hbox (14.39973pt too wide) in paragraph at lines 9--10
\OT1/pzc/mb/it/10 pos-
 []


Overfull \hbox (8.39977pt too wide) in paragraph at lines 9--10
\OT1/pzc/mb/it/10 si-
 []


Overfull \hbox (11.99974pt too wide) in paragraph at lines 9--10
\OT1/pzc/mb/it/10 ble. 
 []

! Undefined control sequence.
l.11 {\Large
             \textit{M}} y sister Ameni, and my brother Wajdi who have never...
The control sequence at the end of the top line
of your error message was never \def'ed. If you have
misspelled it (e.g., `\hobx'), type `I' and the correct
spelling (e.g., `I\hbox'). Otherwise just continue,
and I'll forget about whatever was undefined.


Overfull \hbox (28.39989pt too wide) in paragraph at lines 11--12
[]\OT1/pzc/mb/it/10 M
 []


Overfull \hbox (3.99998pt too wide) in paragraph at lines 11--12
\OT1/pzc/mb/it/10 y
 []


Overfull \hbox (11.5997pt too wide) in paragraph at lines 11--12
\OT1/pzc/mb/it/10 sis-
 []


Overfull \hbox (9.59982pt too wide) in paragraph at lines 11--12
\OT1/pzc/mb/it/10 ter
 []


Overfull \hbox (24.99962pt too wide) in paragraph at lines 11--12
\OT1/pzc/mb/it/10 Ameni,
 []


Overfull \hbox (13.19981pt too wide) in paragraph at lines 11--12
\OT1/pzc/mb/it/10 and
 []


Overfull \hbox (10.29991pt too wide) in paragraph at lines 11--12
\OT1/pzc/mb/it/10 my
 []


Overfull \hbox (25.19965pt too wide) in paragraph at lines 11--12
\OT1/pzc/mb/it/10 brother
 []


Overfull \hbox (15.59985pt too wide) in paragraph at lines 11--12
\OT1/pzc/mb/it/10 Wa-
 []


Overfull \hbox (8.99974pt too wide) in paragraph at lines 11--12
\OT1/pzc/mb/it/10 jdi
 []


Overfull \hbox (15.39973pt too wide) in paragraph at lines 11--12
\OT1/pzc/mb/it/10 who
 []


Overfull \hbox (16.39961pt too wide) in paragraph at lines 11--12
\OT1/pzc/mb/it/10 have
 []


Overfull \hbox (18.79964pt too wide) in paragraph at lines 11--12
\OT1/pzc/mb/it/10 never
 []


Overfull \hbox (12.19966pt too wide) in paragraph at lines 11--12
\OT1/pzc/mb/it/10 left
 []


Overfull \hbox (10.29991pt too wide) in paragraph at lines 11--12
\OT1/pzc/mb/it/10 my
 []


Overfull \hbox (13.39961pt too wide) in paragraph at lines 11--12
\OT1/pzc/mb/it/10 side
 []


Overfull \hbox (13.19981pt too wide) in paragraph at lines 11--12
\OT1/pzc/mb/it/10 and
 []


Overfull \hbox (9.39978pt too wide) in paragraph at lines 11--12
\OT1/pzc/mb/it/10 al-
 []


Overfull \hbox (18.1998pt too wide) in paragraph at lines 11--12
\OT1/pzc/mb/it/10 ways
 []


Overfull \hbox (18.19968pt too wide) in paragraph at lines 11--12
\OT1/pzc/mb/it/10 made
 []


Overfull \hbox (9.59984pt too wide) in paragraph at lines 11--12
\OT1/pzc/mb/it/10 me
 []


Overfull \hbox (12.29962pt too wide) in paragraph at lines 11--12
\OT1/pzc/mb/it/10 feel
 []


Overfull \hbox (14.79976pt too wide) in paragraph at lines 11--12
\OT1/pzc/mb/it/10 very
 []


Overfull \hbox (13.79964pt too wide) in paragraph at lines 11--12
\OT1/pzc/mb/it/10 spe-
 []


Overfull \hbox (14.5996pt too wide) in paragraph at lines 11--12
\OT1/pzc/mb/it/10 cial,
 []


Overfull \hbox (3.79993pt too wide) in paragraph at lines 11--12
\OT1/pzc/mb/it/10 I
 []


Overfull \hbox (17.99959pt too wide) in paragraph at lines 11--12
\OT1/pzc/mb/it/10 can't
 []


Overfull \hbox (19.59972pt too wide) in paragraph at lines 11--12
\OT1/pzc/mb/it/10 imag-
 []


Overfull \hbox (10.39977pt too wide) in paragraph at lines 11--12
\OT1/pzc/mb/it/10 ine
 []


Overfull \hbox (10.29991pt too wide) in paragraph at lines 11--12
\OT1/pzc/mb/it/10 my
 []


Overfull \hbox (11.29964pt too wide) in paragraph at lines 11--12
\OT1/pzc/mb/it/10 life
 []


Overfull \hbox (19.59958pt too wide) in paragraph at lines 11--12
\OT1/pzc/mb/it/10 with-
 []


Overfull \hbox (11.7999pt too wide) in paragraph at lines 11--12
\OT1/pzc/mb/it/10 out
 []


Overfull \hbox (17.19966pt too wide) in paragraph at lines 11--12
\OT1/pzc/mb/it/10 them
 []


Overfull \hbox (2.19995pt too wide) in paragraph at lines 11--12
\OT1/pzc/mb/it/10 . 
 []

! Undefined control sequence.
l.13 {\Large
             \textit{I}} also dedicate this dissertation to Freeways ISI and...
The control sequence at the end of the top line
of your error message was never \def'ed. If you have
misspelled it (e.g., `\hobx'), type `I' and the correct
spelling (e.g., `I\hbox'). Otherwise just continue,
and I'll forget about whatever was undefined.


Overfull \hbox (23.79993pt too wide) in paragraph at lines 13--14
[]\OT1/pzc/mb/it/10 I
 []


Overfull \hbox (13.79977pt too wide) in paragraph at lines 13--14
\OT1/pzc/mb/it/10 also
 []


Overfull \hbox (14.99959pt too wide) in paragraph at lines 13--14
\OT1/pzc/mb/it/10 ded-
 []


Overfull \hbox (5.19983pt too wide) in paragraph at lines 13--14
\OT1/pzc/mb/it/10 i-
 []


Overfull \hbox (14.19966pt too wide) in paragraph at lines 13--14
\OT1/pzc/mb/it/10 cate
 []


Overfull \hbox (13.19966pt too wide) in paragraph at lines 13--14
\OT1/pzc/mb/it/10 this
 []


Overfull \hbox (12.79965pt too wide) in paragraph at lines 13--14
\OT1/pzc/mb/it/10 dis-
 []


Overfull \hbox (12.39975pt too wide) in paragraph at lines 13--14
\OT1/pzc/mb/it/10 ser-
 []


Overfull \hbox (10.19981pt too wide) in paragraph at lines 13--14
\OT1/pzc/mb/it/10 ta-
 []


Overfull \hbox (14.1998pt too wide) in paragraph at lines 13--14
\OT1/pzc/mb/it/10 tion
 []


Overfull \hbox (7.19992pt too wide) in paragraph at lines 13--14
\OT1/pzc/mb/it/10 to
 []


Overfull \hbox (18.39963pt too wide) in paragraph at lines 13--14
\OT1/pzc/mb/it/10 Free-
 []


Overfull \hbox (18.1998pt too wide) in paragraph at lines 13--14
\OT1/pzc/mb/it/10 ways
 []


Overfull \hbox (12.19983pt too wide) in paragraph at lines 13--14
\OT1/pzc/mb/it/10 ISI
 []


Overfull \hbox (13.19981pt too wide) in paragraph at lines 13--14
\OT1/pzc/mb/it/10 and
 []


Overfull \hbox (30.99934pt too wide) in paragraph at lines 13--14
\OT1/pzc/mb/it/10 Mozilla-
 []


Overfull \hbox (26.39964pt too wide) in paragraph at lines 13--14
\OT1/pzc/mb/it/10 Tunisia
 []


Overfull \hbox (16.19981pt too wide) in paragraph at lines 13--14
\OT1/pzc/mb/it/10 fam-
 []


Overfull \hbox (5.19983pt too wide) in paragraph at lines 13--14
\OT1/pzc/mb/it/10 i-
 []


Overfull \hbox (11.39963pt too wide) in paragraph at lines 13--14
\OT1/pzc/mb/it/10 lies
 []


Overfull \hbox (21.99956pt too wide) in paragraph at lines 13--14
\OT1/pzc/mb/it/10 whose
 []


Overfull \hbox (16.39961pt too wide) in paragraph at lines 13--14
\OT1/pzc/mb/it/10 have
 []


Overfull \hbox (9.39978pt too wide) in paragraph at lines 13--14
\OT1/pzc/mb/it/10 al-
 []


Overfull \hbox (18.1998pt too wide) in paragraph at lines 13--14
\OT1/pzc/mb/it/10 ways
 []


Overfull \hbox (14.99973pt too wide) in paragraph at lines 13--14
\OT1/pzc/mb/it/10 sup-
 []


Overfull \hbox (22.39958pt too wide) in paragraph at lines 13--14
\OT1/pzc/mb/it/10 ported
 []


Overfull \hbox (9.59984pt too wide) in paragraph at lines 13--14
\OT1/pzc/mb/it/10 me
 []


Overfull \hbox (30.39958pt too wide) in paragraph at lines 13--14
\OT1/pzc/mb/it/10 through-
 []


Overfull \hbox (11.7999pt too wide) in paragraph at lines 13--14
\OT1/pzc/mb/it/10 out
 []


Overfull \hbox (10.99971pt too wide) in paragraph at lines 13--14
\OT1/pzc/mb/it/10 the
 []


Overfull \hbox (9.7998pt too wide) in paragraph at lines 13--14
\OT1/pzc/mb/it/10 in-
 []


Overfull \hbox (12.39975pt too wide) in paragraph at lines 13--14
\OT1/pzc/mb/it/10 ter-
 []


Overfull \hbox (16.29962pt too wide) in paragraph at lines 13--14
\OT1/pzc/mb/it/10 ship. 
 []


! LaTeX Error: The font size command \normalsize is not defined:
               there is probably something wrong with the class file.

See the LaTeX manual or LaTeX Companion for explanation.
Type  H <return>  for immediate help.
 ...                                              
                                                  
l.14 
     
Your command was ignored.
Type  I <command> <return>  to replace it with another command,
or  <return>  to continue without it.

[1{/usr/share/texlive/texmf-dist/fonts/map/pdftex/updmap/pdftex.map}]
! Undefined control sequence.
l.15 {\Large
             \textit{I}} also appreciate, Yaser Rabi for helping me develop ...
The control sequence at the end of the top line
of your error message was never \def'ed. If you have
misspelled it (e.g., `\hobx'), type `I' and the correct
spelling (e.g., `I\hbox'). Otherwise just continue,
and I'll forget about whatever was undefined.


Overfull \hbox (23.79993pt too wide) in paragraph at lines 15--16
[]\OT1/pzc/mb/it/10 I
 []


Overfull \hbox (13.79977pt too wide) in paragraph at lines 15--16
\OT1/pzc/mb/it/10 also
 []


Overfull \hbox (11.39977pt too wide) in paragraph at lines 15--16
\OT1/pzc/mb/it/10 ap-
 []


Overfull \hbox (13.5997pt too wide) in paragraph at lines 15--16
\OT1/pzc/mb/it/10 pre-
 []


Overfull \hbox (8.59972pt too wide) in paragraph at lines 15--16
\OT1/pzc/mb/it/10 ci-
 []


Overfull \hbox (12.99973pt too wide) in paragraph at lines 15--16
\OT1/pzc/mb/it/10 ate,
 []


Overfull \hbox (18.79976pt too wide) in paragraph at lines 15--16
\OT1/pzc/mb/it/10 Yaser
 []


Overfull \hbox (16.7998pt too wide) in paragraph at lines 15--16
\OT1/pzc/mb/it/10 Rabi
 []


Overfull \hbox (10.19992pt too wide) in paragraph at lines 15--16
\OT1/pzc/mb/it/10 for
 []


Overfull \hbox (17.39949pt too wide) in paragraph at lines 15--16
\OT1/pzc/mb/it/10 help-
 []


Overfull \hbox (10.99986pt too wide) in paragraph at lines 15--16
\OT1/pzc/mb/it/10 ing
 []


Overfull \hbox (9.59984pt too wide) in paragraph at lines 15--16
\OT1/pzc/mb/it/10 me
 []


Overfull \hbox (10.5997pt too wide) in paragraph at lines 15--16
\OT1/pzc/mb/it/10 de-
 []


Overfull \hbox (18.59955pt too wide) in paragraph at lines 15--16
\OT1/pzc/mb/it/10 velop
 []


Overfull \hbox (10.29991pt too wide) in paragraph at lines 15--16
\OT1/pzc/mb/it/10 my
 []


Overfull \hbox (17.19952pt too wide) in paragraph at lines 15--16
\OT1/pzc/mb/it/10 tech-
 []


Overfull \hbox (13.79979pt too wide) in paragraph at lines 15--16
\OT1/pzc/mb/it/10 nol-
 []


Overfull \hbox (12.09993pt too wide) in paragraph at lines 15--16
\OT1/pzc/mb/it/10 ogy
 []


Overfull \hbox (20.09943pt too wide) in paragraph at lines 15--16
\OT1/pzc/mb/it/10 skills,
 []


Overfull \hbox (13.19981pt too wide) in paragraph at lines 15--16
\OT1/pzc/mb/it/10 and
 []


Overfull \hbox (18.49976pt too wide) in paragraph at lines 15--16
\OT1/pzc/mb/it/10 Sabri
 []


Overfull \hbox (27.0996pt too wide) in paragraph at lines 15--16
\OT1/pzc/mb/it/10 Bahrini
 []


Overfull \hbox (10.19992pt too wide) in paragraph at lines 15--16
\OT1/pzc/mb/it/10 for
 []


Overfull \hbox (10.99971pt too wide) in paragraph at lines 15--16
\OT1/pzc/mb/it/10 the
 []


Overfull \hbox (19.1998pt too wide) in paragraph at lines 15--16
\OT1/pzc/mb/it/10 many
 []


Overfull \hbox (19.19978pt too wide) in paragraph at lines 15--16
\OT1/pzc/mb/it/10 hours
 []


Overfull \hbox (7.19992pt too wide) in paragraph at lines 15--16
\OT1/pzc/mb/it/10 of
 []


Overfull \hbox (21.39972pt too wide) in paragraph at lines 15--16
\OT1/pzc/mb/it/10 proof-
 []


Overfull \hbox (17.79965pt too wide) in paragraph at lines 15--16
\OT1/pzc/mb/it/10 read-
 []


Overfull \hbox (12.89987pt too wide) in paragraph at lines 15--16
\OT1/pzc/mb/it/10 ing. 
 []

! Undefined control sequence.
l.17 {\Large
             \textit{I}} dedicate this work and give  a special thanks to al...
The control sequence at the end of the top line
of your error message was never \def'ed. If you have
misspelled it (e.g., `\hobx'), type `I' and the correct
spelling (e.g., `I\hbox'). Otherwise just continue,
and I'll forget about whatever was undefined.


Overfull \hbox (23.79993pt too wide) in paragraph at lines 17--19
[]\OT1/pzc/mb/it/10 I
 []


Overfull \hbox (14.99959pt too wide) in paragraph at lines 17--19
\OT1/pzc/mb/it/10 ded-
 []


Overfull \hbox (5.19983pt too wide) in paragraph at lines 17--19
\OT1/pzc/mb/it/10 i-
 []


Overfull \hbox (14.19966pt too wide) in paragraph at lines 17--19
\OT1/pzc/mb/it/10 cate
 []


Overfull \hbox (13.19966pt too wide) in paragraph at lines 17--19
\OT1/pzc/mb/it/10 this
 []


Overfull \hbox (18.29977pt too wide) in paragraph at lines 17--19
\OT1/pzc/mb/it/10 work
 []


Overfull \hbox (13.19981pt too wide) in paragraph at lines 17--19
\OT1/pzc/mb/it/10 and
 []


Overfull \hbox (14.29964pt too wide) in paragraph at lines 17--19
\OT1/pzc/mb/it/10 give
 []


Overfull \hbox (4.19995pt too wide) in paragraph at lines 17--19
\OT1/pzc/mb/it/10 a
 []


Overfull \hbox (13.79964pt too wide) in paragraph at lines 17--19
\OT1/pzc/mb/it/10 spe-
 []


Overfull \hbox (12.39964pt too wide) in paragraph at lines 17--19
\OT1/pzc/mb/it/10 cial
 []


Overfull \hbox (23.99957pt too wide) in paragraph at lines 17--19
\OT1/pzc/mb/it/10 thanks
 []


Overfull \hbox (7.19992pt too wide) in paragraph at lines 17--19
\OT1/pzc/mb/it/10 to
 []


Overfull \hbox (8.99976pt too wide) in paragraph at lines 17--19
\OT1/pzc/mb/it/10 all
 []


Overfull \hbox (10.29991pt too wide) in paragraph at lines 17--19
\OT1/pzc/mb/it/10 my
 []


Overfull \hbox (13.99971pt too wide) in paragraph at lines 17--19
\OT1/pzc/mb/it/10 best
 []


Overfull \hbox (24.2995pt too wide) in paragraph at lines 17--19
\OT1/pzc/mb/it/10 friends
 []


Overfull \hbox (13.79964pt too wide) in paragraph at lines 17--19
\OT1/pzc/mb/it/10 spe-
 []


Overfull \hbox (18.79953pt too wide) in paragraph at lines 17--19
\OT1/pzc/mb/it/10 cially
 []


Overfull \hbox (17.69965pt too wide) in paragraph at lines 17--19
\OT1/pzc/mb/it/10 Atef.
 []


! LaTeX Error: \begin{document} ended by \end{large}.

See the LaTeX manual or LaTeX Companion for explanation.
Type  H <return>  for immediate help.
 ...                                              
                                                  
l.20 \end{large}
                
Your command was ignored.
Type  I <command> <return>  to replace it with another command,
or  <return>  to continue without it.

! Undefined control sequence.
l.23 \fontfamily{pzc}\selectfont{{\LARGE
                                         Manel }}\\
The control sequence at the end of the top line
of your error message was never \def'ed. If you have
misspelled it (e.g., `\hobx'), type `I' and the correct
spelling (e.g., `I\hbox'). Otherwise just continue,
and I'll forget about whatever was undefined.


Overfull \hbox (22.9996pt too wide) in paragraph at lines 23--23
 \OT1/pzc/mb/it/10 Manel
 []

)
! Emergency stop.
<*> Decidace.tex
                
*** (job aborted, no legal \end found)

 
Here is how much of TeX's memory you used:
 30 strings out of 493387
 535 string characters out of 6143040
 53741 words of memory out of 5000000
 3557 multiletter control sequences out of 15000+600000
 5012 words of font info for 16 fonts, out of 8000000 for 9000
 953 hyphenation exceptions out of 8191
 19i,4n,14p,298b,145s stack positions out of 5000i,500n,10000p,200000b,80000s
!  ==> Fatal error occurred, no output PDF file produced!
